<?xml version="1.0" encoding="UTF-8"?>
<!-- Generated by org.testng.reporters.JUnitXMLReporter -->
<testsuite hostname="sameena-pc" ignored="0" name="Command line test" tests="2" failures="0" timestamp="29 Aug 2019 13:29:26 GMT" time="23.83" errors="0">
  <testcase name="test1" time="2.136" classname="com.automation.CICD.com.automation.CICD.TestClass1"/>
  <testcase name="test2" time="10.411" classname="com.automation.CICD.com.automation.CICD.TestClass1"/>
</testsuite> <!-- Command line test -->
