<?xml version="1.0" encoding="UTF-8"?>
<testng-results skipped="0" failed="0" ignored="0" total="2" passed="2">
  <reporter-output>
  </reporter-output>
  <suite name="Suite" duration-ms="49571" started-at="2019-08-29T13:26:30Z" finished-at="2019-08-29T13:27:20Z">
    <groups>
    </groups>
    <test name="Test" duration-ms="49571" started-at="2019-08-29T13:26:30Z" finished-at="2019-08-29T13:27:20Z">
      <class name="com.automation.CICD.com.automation.CICD.TestClass1">
        <test-method status="PASS" signature="launchdriver()[pri:0, instance:com.automation.CICD.com.automation.CICD.TestClass1@c038203]" name="launchdriver" is-config="true" duration-ms="23853" started-at="2019-08-29T13:26:30Z" finished-at="2019-08-29T13:26:54Z">
          <reporter-output>
          </reporter-output>
        </test-method> <!-- launchdriver -->
        <test-method status="PASS" signature="test1()[pri:0, instance:com.automation.CICD.com.automation.CICD.TestClass1@c038203]" name="test1" duration-ms="7158" started-at="2019-08-29T13:26:54Z" finished-at="2019-08-29T13:27:01Z">
          <reporter-output>
          </reporter-output>
        </test-method> <!-- test1 -->
        <test-method status="PASS" signature="close()[pri:0, instance:com.automation.CICD.com.automation.CICD.TestClass1@c038203]" name="close" is-config="true" duration-ms="1659" started-at="2019-08-29T13:27:01Z" finished-at="2019-08-29T13:27:03Z">
          <reporter-output>
          </reporter-output>
        </test-method> <!-- close -->
        <test-method status="PASS" signature="launchdriver()[pri:0, instance:com.automation.CICD.com.automation.CICD.TestClass1@c038203]" name="launchdriver" is-config="true" duration-ms="4252" started-at="2019-08-29T13:27:03Z" finished-at="2019-08-29T13:27:07Z">
          <reporter-output>
          </reporter-output>
        </test-method> <!-- launchdriver -->
        <test-method status="PASS" signature="test2()[pri:0, instance:com.automation.CICD.com.automation.CICD.TestClass1@c038203]" name="test2" duration-ms="11534" started-at="2019-08-29T13:27:07Z" finished-at="2019-08-29T13:27:19Z">
          <reporter-output>
          </reporter-output>
        </test-method> <!-- test2 -->
        <test-method status="PASS" signature="close()[pri:0, instance:com.automation.CICD.com.automation.CICD.TestClass1@c038203]" name="close" is-config="true" duration-ms="1066" started-at="2019-08-29T13:27:19Z" finished-at="2019-08-29T13:27:20Z">
          <reporter-output>
          </reporter-output>
        </test-method> <!-- close -->
      </class> <!-- com.automation.CICD.com.automation.CICD.TestClass1 -->
    </test> <!-- Test -->
  </suite> <!-- Suite -->
</testng-results>
